<?xml version="1.0" encoding="UTF-8"?>
<testsuite xmlns:xsi="http://www.w3.org/2001/XMLSchema-instance" xsi:noNamespaceSchemaLocation="https://maven.apache.org/surefire/maven-surefire-plugin/xsd/surefire-test-report.xsd" name="site.madai.redis.redisTest" time="0.532" tests="3" errors="0" skipped="0" failures="0">
  <properties>
    <property name="gopherProxySet" value="false"/>
    <property name="awt.toolkit" value="sun.lwawt.macosx.LWCToolkit"/>
    <property name="file.encoding.pkg" value="sun.io"/>
    <property name="java.specification.version" value="1.8"/>
    <property name="sun.cpu.isalist" value=""/>
    <property name="sun.jnu.encoding" value="UTF-8"/>
    <property name="java.class.path" value="/Users/wangshaodi/IdeaProjects/health_parent/health_parent/health_service/target/test-classes:/Users/wangshaodi/IdeaProjects/health_parent/health_parent/health_service/target/classes:/Users/wangshaodi/javaLib/maven/repository/site/madai/health_interface/1.0-SNAPSHOT/health_interface-1.0-SNAPSHOT.jar:/Users/wangshaodi/javaLib/maven/repository/site/madai/health_pojo/1.0-SNAPSHOT/health_pojo-1.0-SNAPSHOT.jar:/Users/wangshaodi/javaLib/maven/repository/site/madai/health_dao/1.0-SNAPSHOT/health_dao-1.0-SNAPSHOT.jar:/Users/wangshaodi/javaLib/maven/repository/site/madai/health_common/1.0-SNAPSHOT/health_common-1.0-SNAPSHOT.jar:/Users/wangshaodi/javaLib/maven/repository/com/github/pagehelper/pagehelper/4.1.4/pagehelper-4.1.4.jar:/Users/wangshaodi/javaLib/maven/repository/com/github/jsqlparser/jsqlparser/0.9.5/jsqlparser-0.9.5.jar:/Users/wangshaodi/javaLib/maven/repository/org/mybatis/mybatis/3.4.5/mybatis-3.4.5.jar:/Users/wangshaodi/javaLib/maven/repository/org/mybatis/mybatis-spring/1.3.1/mybatis-spring-1.3.1.jar:/Users/wangshaodi/javaLib/maven/repository/com/github/miemiedev/mybatis-paginator/1.2.15/mybatis-paginator-1.2.15.jar:/Users/wangshaodi/javaLib/maven/repository/org/slf4j/slf4j-api/1.7.2/slf4j-api-1.7.2.jar:/Users/wangshaodi/javaLib/maven/repository/mysql/mysql-connector-java/8.0.13/mysql-connector-java-8.0.13.jar:/Users/wangshaodi/javaLib/maven/repository/com/alibaba/druid/1.0.9/druid-1.0.9.jar:/Library/Java/JavaVirtualMachines/jdk1.8.0_201.jdk/Contents/Home/jre/../lib/jconsole.jar:/Library/Java/JavaVirtualMachines/jdk1.8.0_201.jdk/Contents/Home/jre/../lib/tools.jar:/Users/wangshaodi/javaLib/maven/repository/commons-fileupload/commons-fileupload/1.3.3/commons-fileupload-1.3.3.jar:/Users/wangshaodi/javaLib/maven/repository/commons-io/commons-io/2.2/commons-io-2.2.jar:/Users/wangshaodi/javaLib/maven/repository/org/springframework/spring-context/5.0.5.RELEASE/spring-context-5.0.5.RELEASE.jar:/Users/wangshaodi/javaLib/maven/repository/org/springframework/spring-aop/5.0.5.RELEASE/spring-aop-5.0.5.RELEASE.jar:/Users/wangshaodi/javaLib/maven/repository/org/springframework/spring-core/5.0.5.RELEASE/spring-core-5.0.5.RELEASE.jar:/Users/wangshaodi/javaLib/maven/repository/org/springframework/spring-jcl/5.0.5.RELEASE/spring-jcl-5.0.5.RELEASE.jar:/Users/wangshaodi/javaLib/maven/repository/org/springframework/spring-expression/5.0.5.RELEASE/spring-expression-5.0.5.RELEASE.jar:/Users/wangshaodi/javaLib/maven/repository/org/springframework/spring-beans/5.0.5.RELEASE/spring-beans-5.0.5.RELEASE.jar:/Users/wangshaodi/javaLib/maven/repository/org/springframework/spring-web/5.0.5.RELEASE/spring-web-5.0.5.RELEASE.jar:/Users/wangshaodi/javaLib/maven/repository/org/springframework/spring-webmvc/5.0.5.RELEASE/spring-webmvc-5.0.5.RELEASE.jar:/Users/wangshaodi/javaLib/maven/repository/org/springframework/spring-jdbc/5.0.5.RELEASE/spring-jdbc-5.0.5.RELEASE.jar:/Users/wangshaodi/javaLib/maven/repository/org/springframework/spring-tx/5.0.5.RELEASE/spring-tx-5.0.5.RELEASE.jar:/Users/wangshaodi/javaLib/maven/repository/org/springframework/spring-aspects/5.0.5.RELEASE/spring-aspects-5.0.5.RELEASE.jar:/Users/wangshaodi/javaLib/maven/repository/org/aspectj/aspectjweaver/1.8.13/aspectjweaver-1.8.13.jar:/Users/wangshaodi/javaLib/maven/repository/org/springframework/spring-jms/5.0.5.RELEASE/spring-jms-5.0.5.RELEASE.jar:/Users/wangshaodi/javaLib/maven/repository/org/springframework/spring-messaging/5.0.5.RELEASE/spring-messaging-5.0.5.RELEASE.jar:/Users/wangshaodi/javaLib/maven/repository/org/springframework/spring-context-support/5.0.5.RELEASE/spring-context-support-5.0.5.RELEASE.jar:/Users/wangshaodi/javaLib/maven/repository/org/springframework/spring-test/5.0.5.RELEASE/spring-test-5.0.5.RELEASE.jar:/Users/wangshaodi/javaLib/maven/repository/com/alibaba/dubbo/2.5.6/dubbo-2.5.6.jar:/Users/wangshaodi/javaLib/maven/repository/org/javassist/javassist/3.20.0-GA/javassist-3.20.0-GA.jar:/Users/wangshaodi/javaLib/maven/repository/org/jboss/netty/netty/3.2.5.Final/netty-3.2.5.Final.jar:/Users/wangshaodi/javaLib/maven/repository/org/apache/zookeeper/zookeeper/3.4.14/zookeeper-3.4.14.jar:/Users/wangshaodi/javaLib/maven/repository/org/slf4j/slf4j-log4j12/1.7.25/slf4j-log4j12-1.7.25.jar:/Users/wangshaodi/javaLib/maven/repository/com/github/spotbugs/spotbugs-annotations/3.1.9/spotbugs-annotations-3.1.9.jar:/Users/wangshaodi/javaLib/maven/repository/com/google/code/findbugs/jsr305/3.0.2/jsr305-3.0.2.jar:/Users/wangshaodi/javaLib/maven/repository/log4j/log4j/1.2.17/log4j-1.2.17.jar:/Users/wangshaodi/javaLib/maven/repository/jline/jline/0.9.94/jline-0.9.94.jar:/Users/wangshaodi/javaLib/maven/repository/org/apache/yetus/audience-annotations/0.5.0/audience-annotations-0.5.0.jar:/Users/wangshaodi/javaLib/maven/repository/io/netty/netty/3.10.6.Final/netty-3.10.6.Final.jar:/Users/wangshaodi/javaLib/maven/repository/com/github/sgroschupf/zkclient/0.1/zkclient-0.1.jar:/Users/wangshaodi/javaLib/maven/repository/junit/junit/4.12/junit-4.12.jar:/Users/wangshaodi/javaLib/maven/repository/org/hamcrest/hamcrest-core/1.3/hamcrest-core-1.3.jar:/Users/wangshaodi/javaLib/maven/repository/com/alibaba/fastjson/1.2.47/fastjson-1.2.47.jar:/Users/wangshaodi/javaLib/maven/repository/javassist/javassist/3.12.1.GA/javassist-3.12.1.GA.jar:/Users/wangshaodi/javaLib/maven/repository/commons-codec/commons-codec/1.10/commons-codec-1.10.jar:/Users/wangshaodi/javaLib/maven/repository/org/apache/poi/poi/3.14/poi-3.14.jar:/Users/wangshaodi/javaLib/maven/repository/redis/clients/jedis/2.9.0/jedis-2.9.0.jar:/Users/wangshaodi/javaLib/maven/repository/org/apache/commons/commons-pool2/2.4.2/commons-pool2-2.4.2.jar:/Users/wangshaodi/javaLib/maven/repository/com/qiniu/qiniu-java-sdk/7.2.0/qiniu-java-sdk-7.2.0.jar:/Users/wangshaodi/javaLib/maven/repository/com/squareup/okhttp3/okhttp/3.3.1/okhttp-3.3.1.jar:/Users/wangshaodi/javaLib/maven/repository/com/squareup/okio/okio/1.8.0/okio-1.8.0.jar:/Users/wangshaodi/javaLib/maven/repository/com/google/code/gson/gson/2.6.2/gson-2.6.2.jar:/Users/wangshaodi/javaLib/maven/repository/com/qiniu/happy-dns-java/0.1.4/happy-dns-java-0.1.4.jar:/Users/wangshaodi/javaLib/maven/repository/com/sun/jersey/jersey-client/1.18.1/jersey-client-1.18.1.jar:/Users/wangshaodi/javaLib/maven/repository/com/sun/jersey/jersey-core/1.18.1/jersey-core-1.18.1.jar:/Users/wangshaodi/javaLib/maven/repository/org/apache/poi/poi-ooxml/3.14/poi-ooxml-3.14.jar:/Users/wangshaodi/javaLib/maven/repository/org/apache/poi/poi-ooxml-schemas/3.14/poi-ooxml-schemas-3.14.jar:/Users/wangshaodi/javaLib/maven/repository/org/apache/xmlbeans/xmlbeans/2.6.0/xmlbeans-2.6.0.jar:/Users/wangshaodi/javaLib/maven/repository/stax/stax-api/1.0.1/stax-api-1.0.1.jar:/Users/wangshaodi/javaLib/maven/repository/com/github/virtuald/curvesapi/1.03/curvesapi-1.03.jar:/Users/wangshaodi/javaLib/maven/repository/org/springframework/security/spring-security-web/5.0.5.RELEASE/spring-security-web-5.0.5.RELEASE.jar:/Users/wangshaodi/javaLib/maven/repository/org/springframework/security/spring-security-core/5.0.5.RELEASE/spring-security-core-5.0.5.RELEASE.jar:/Users/wangshaodi/javaLib/maven/repository/org/springframework/security/spring-security-config/5.0.5.RELEASE/spring-security-config-5.0.5.RELEASE.jar:/Users/wangshaodi/javaLib/maven/repository/org/springframework/security/spring-security-taglibs/5.0.5.RELEASE/spring-security-taglibs-5.0.5.RELEASE.jar:/Users/wangshaodi/javaLib/maven/repository/org/springframework/security/spring-security-acl/5.0.5.RELEASE/spring-security-acl-5.0.5.RELEASE.jar:/Users/wangshaodi/javaLib/maven/repository/javax/servlet/servlet-api/2.5/servlet-api-2.5.jar:"/>
    <property name="java.vm.vendor" value="Oracle Corporation"/>
    <property name="sun.arch.data.model" value="64"/>
    <property name="java.vendor.url" value="http://java.oracle.com/"/>
    <property name="user.timezone" value=""/>
    <property name="java.vm.specification.version" value="1.8"/>
    <property name="os.name" value="Mac OS X"/>
    <property name="user.country" value="CN"/>
    <property name="sun.java.launcher" value="SUN_STANDARD"/>
    <property name="sun.boot.library.path" value="/Library/Java/JavaVirtualMachines/jdk1.8.0_201.jdk/Contents/Home/jre/lib"/>
    <property name="sun.java.command" value="/Users/wangshaodi/IdeaProjects/health_parent/health_parent/health_service/target/surefire/surefirebooter9163776599335225065.jar /Users/wangshaodi/IdeaProjects/health_parent/health_parent/health_service/target/surefire 2019-06-28T10-46-24_998-jvmRun1 surefire5798453489221605190tmp surefire_07086169933145926024tmp"/>
    <property name="surefire.test.class.path" value="/Users/wangshaodi/IdeaProjects/health_parent/health_parent/health_service/target/test-classes:/Users/wangshaodi/IdeaProjects/health_parent/health_parent/health_service/target/classes:/Users/wangshaodi/javaLib/maven/repository/site/madai/health_interface/1.0-SNAPSHOT/health_interface-1.0-SNAPSHOT.jar:/Users/wangshaodi/javaLib/maven/repository/site/madai/health_pojo/1.0-SNAPSHOT/health_pojo-1.0-SNAPSHOT.jar:/Users/wangshaodi/javaLib/maven/repository/site/madai/health_dao/1.0-SNAPSHOT/health_dao-1.0-SNAPSHOT.jar:/Users/wangshaodi/javaLib/maven/repository/site/madai/health_common/1.0-SNAPSHOT/health_common-1.0-SNAPSHOT.jar:/Users/wangshaodi/javaLib/maven/repository/com/github/pagehelper/pagehelper/4.1.4/pagehelper-4.1.4.jar:/Users/wangshaodi/javaLib/maven/repository/com/github/jsqlparser/jsqlparser/0.9.5/jsqlparser-0.9.5.jar:/Users/wangshaodi/javaLib/maven/repository/org/mybatis/mybatis/3.4.5/mybatis-3.4.5.jar:/Users/wangshaodi/javaLib/maven/repository/org/mybatis/mybatis-spring/1.3.1/mybatis-spring-1.3.1.jar:/Users/wangshaodi/javaLib/maven/repository/com/github/miemiedev/mybatis-paginator/1.2.15/mybatis-paginator-1.2.15.jar:/Users/wangshaodi/javaLib/maven/repository/org/slf4j/slf4j-api/1.7.2/slf4j-api-1.7.2.jar:/Users/wangshaodi/javaLib/maven/repository/mysql/mysql-connector-java/8.0.13/mysql-connector-java-8.0.13.jar:/Users/wangshaodi/javaLib/maven/repository/com/alibaba/druid/1.0.9/druid-1.0.9.jar:/Library/Java/JavaVirtualMachines/jdk1.8.0_201.jdk/Contents/Home/jre/../lib/jconsole.jar:/Library/Java/JavaVirtualMachines/jdk1.8.0_201.jdk/Contents/Home/jre/../lib/tools.jar:/Users/wangshaodi/javaLib/maven/repository/commons-fileupload/commons-fileupload/1.3.3/commons-fileupload-1.3.3.jar:/Users/wangshaodi/javaLib/maven/repository/commons-io/commons-io/2.2/commons-io-2.2.jar:/Users/wangshaodi/javaLib/maven/repository/org/springframework/spring-context/5.0.5.RELEASE/spring-context-5.0.5.RELEASE.jar:/Users/wangshaodi/javaLib/maven/repository/org/springframework/spring-aop/5.0.5.RELEASE/spring-aop-5.0.5.RELEASE.jar:/Users/wangshaodi/javaLib/maven/repository/org/springframework/spring-core/5.0.5.RELEASE/spring-core-5.0.5.RELEASE.jar:/Users/wangshaodi/javaLib/maven/repository/org/springframework/spring-jcl/5.0.5.RELEASE/spring-jcl-5.0.5.RELEASE.jar:/Users/wangshaodi/javaLib/maven/repository/org/springframework/spring-expression/5.0.5.RELEASE/spring-expression-5.0.5.RELEASE.jar:/Users/wangshaodi/javaLib/maven/repository/org/springframework/spring-beans/5.0.5.RELEASE/spring-beans-5.0.5.RELEASE.jar:/Users/wangshaodi/javaLib/maven/repository/org/springframework/spring-web/5.0.5.RELEASE/spring-web-5.0.5.RELEASE.jar:/Users/wangshaodi/javaLib/maven/repository/org/springframework/spring-webmvc/5.0.5.RELEASE/spring-webmvc-5.0.5.RELEASE.jar:/Users/wangshaodi/javaLib/maven/repository/org/springframework/spring-jdbc/5.0.5.RELEASE/spring-jdbc-5.0.5.RELEASE.jar:/Users/wangshaodi/javaLib/maven/repository/org/springframework/spring-tx/5.0.5.RELEASE/spring-tx-5.0.5.RELEASE.jar:/Users/wangshaodi/javaLib/maven/repository/org/springframework/spring-aspects/5.0.5.RELEASE/spring-aspects-5.0.5.RELEASE.jar:/Users/wangshaodi/javaLib/maven/repository/org/aspectj/aspectjweaver/1.8.13/aspectjweaver-1.8.13.jar:/Users/wangshaodi/javaLib/maven/repository/org/springframework/spring-jms/5.0.5.RELEASE/spring-jms-5.0.5.RELEASE.jar:/Users/wangshaodi/javaLib/maven/repository/org/springframework/spring-messaging/5.0.5.RELEASE/spring-messaging-5.0.5.RELEASE.jar:/Users/wangshaodi/javaLib/maven/repository/org/springframework/spring-context-support/5.0.5.RELEASE/spring-context-support-5.0.5.RELEASE.jar:/Users/wangshaodi/javaLib/maven/repository/org/springframework/spring-test/5.0.5.RELEASE/spring-test-5.0.5.RELEASE.jar:/Users/wangshaodi/javaLib/maven/repository/com/alibaba/dubbo/2.5.6/dubbo-2.5.6.jar:/Users/wangshaodi/javaLib/maven/repository/org/javassist/javassist/3.20.0-GA/javassist-3.20.0-GA.jar:/Users/wangshaodi/javaLib/maven/repository/org/jboss/netty/netty/3.2.5.Final/netty-3.2.5.Final.jar:/Users/wangshaodi/javaLib/maven/repository/org/apache/zookeeper/zookeeper/3.4.14/zookeeper-3.4.14.jar:/Users/wangshaodi/javaLib/maven/repository/org/slf4j/slf4j-log4j12/1.7.25/slf4j-log4j12-1.7.25.jar:/Users/wangshaodi/javaLib/maven/repository/com/github/spotbugs/spotbugs-annotations/3.1.9/spotbugs-annotations-3.1.9.jar:/Users/wangshaodi/javaLib/maven/repository/com/google/code/findbugs/jsr305/3.0.2/jsr305-3.0.2.jar:/Users/wangshaodi/javaLib/maven/repository/log4j/log4j/1.2.17/log4j-1.2.17.jar:/Users/wangshaodi/javaLib/maven/repository/jline/jline/0.9.94/jline-0.9.94.jar:/Users/wangshaodi/javaLib/maven/repository/org/apache/yetus/audience-annotations/0.5.0/audience-annotations-0.5.0.jar:/Users/wangshaodi/javaLib/maven/repository/io/netty/netty/3.10.6.Final/netty-3.10.6.Final.jar:/Users/wangshaodi/javaLib/maven/repository/com/github/sgroschupf/zkclient/0.1/zkclient-0.1.jar:/Users/wangshaodi/javaLib/maven/repository/junit/junit/4.12/junit-4.12.jar:/Users/wangshaodi/javaLib/maven/repository/org/hamcrest/hamcrest-core/1.3/hamcrest-core-1.3.jar:/Users/wangshaodi/javaLib/maven/repository/com/alibaba/fastjson/1.2.47/fastjson-1.2.47.jar:/Users/wangshaodi/javaLib/maven/repository/javassist/javassist/3.12.1.GA/javassist-3.12.1.GA.jar:/Users/wangshaodi/javaLib/maven/repository/commons-codec/commons-codec/1.10/commons-codec-1.10.jar:/Users/wangshaodi/javaLib/maven/repository/org/apache/poi/poi/3.14/poi-3.14.jar:/Users/wangshaodi/javaLib/maven/repository/redis/clients/jedis/2.9.0/jedis-2.9.0.jar:/Users/wangshaodi/javaLib/maven/repository/org/apache/commons/commons-pool2/2.4.2/commons-pool2-2.4.2.jar:/Users/wangshaodi/javaLib/maven/repository/com/qiniu/qiniu-java-sdk/7.2.0/qiniu-java-sdk-7.2.0.jar:/Users/wangshaodi/javaLib/maven/repository/com/squareup/okhttp3/okhttp/3.3.1/okhttp-3.3.1.jar:/Users/wangshaodi/javaLib/maven/repository/com/squareup/okio/okio/1.8.0/okio-1.8.0.jar:/Users/wangshaodi/javaLib/maven/repository/com/google/code/gson/gson/2.6.2/gson-2.6.2.jar:/Users/wangshaodi/javaLib/maven/repository/com/qiniu/happy-dns-java/0.1.4/happy-dns-java-0.1.4.jar:/Users/wangshaodi/javaLib/maven/repository/com/sun/jersey/jersey-client/1.18.1/jersey-client-1.18.1.jar:/Users/wangshaodi/javaLib/maven/repository/com/sun/jersey/jersey-core/1.18.1/jersey-core-1.18.1.jar:/Users/wangshaodi/javaLib/maven/repository/org/apache/poi/poi-ooxml/3.14/poi-ooxml-3.14.jar:/Users/wangshaodi/javaLib/maven/repository/org/apache/poi/poi-ooxml-schemas/3.14/poi-ooxml-schemas-3.14.jar:/Users/wangshaodi/javaLib/maven/repository/org/apache/xmlbeans/xmlbeans/2.6.0/xmlbeans-2.6.0.jar:/Users/wangshaodi/javaLib/maven/repository/stax/stax-api/1.0.1/stax-api-1.0.1.jar:/Users/wangshaodi/javaLib/maven/repository/com/github/virtuald/curvesapi/1.03/curvesapi-1.03.jar:/Users/wangshaodi/javaLib/maven/repository/org/springframework/security/spring-security-web/5.0.5.RELEASE/spring-security-web-5.0.5.RELEASE.jar:/Users/wangshaodi/javaLib/maven/repository/org/springframework/security/spring-security-core/5.0.5.RELEASE/spring-security-core-5.0.5.RELEASE.jar:/Users/wangshaodi/javaLib/maven/repository/org/springframework/security/spring-security-config/5.0.5.RELEASE/spring-security-config-5.0.5.RELEASE.jar:/Users/wangshaodi/javaLib/maven/repository/org/springframework/security/spring-security-taglibs/5.0.5.RELEASE/spring-security-taglibs-5.0.5.RELEASE.jar:/Users/wangshaodi/javaLib/maven/repository/org/springframework/security/spring-security-acl/5.0.5.RELEASE/spring-security-acl-5.0.5.RELEASE.jar:/Users/wangshaodi/javaLib/maven/repository/javax/servlet/servlet-api/2.5/servlet-api-2.5.jar:"/>
    <property name="sun.cpu.endian" value="little"/>
    <property name="user.home" value="/Users/wangshaodi"/>
    <property name="user.language" value="en"/>
    <property name="java.specification.vendor" value="Oracle Corporation"/>
    <property name="java.home" value="/Library/Java/JavaVirtualMachines/jdk1.8.0_201.jdk/Contents/Home/jre"/>
    <property name="basedir" value="/Users/wangshaodi/IdeaProjects/health_parent/health_parent/health_service"/>
    <property name="file.separator" value="/"/>
    <property name="line.separator" value="&#10;"/>
    <property name="java.vm.specification.vendor" value="Oracle Corporation"/>
    <property name="java.specification.name" value="Java Platform API Specification"/>
    <property name="java.awt.graphicsenv" value="sun.awt.CGraphicsEnvironment"/>
    <property name="surefire.real.class.path" value="/Users/wangshaodi/IdeaProjects/health_parent/health_parent/health_service/target/surefire/surefirebooter9163776599335225065.jar"/>
    <property name="sun.boot.class.path" value="/Library/Java/JavaVirtualMachines/jdk1.8.0_201.jdk/Contents/Home/jre/lib/resources.jar:/Library/Java/JavaVirtualMachines/jdk1.8.0_201.jdk/Contents/Home/jre/lib/rt.jar:/Library/Java/JavaVirtualMachines/jdk1.8.0_201.jdk/Contents/Home/jre/lib/sunrsasign.jar:/Library/Java/JavaVirtualMachines/jdk1.8.0_201.jdk/Contents/Home/jre/lib/jsse.jar:/Library/Java/JavaVirtualMachines/jdk1.8.0_201.jdk/Contents/Home/jre/lib/jce.jar:/Library/Java/JavaVirtualMachines/jdk1.8.0_201.jdk/Contents/Home/jre/lib/charsets.jar:/Library/Java/JavaVirtualMachines/jdk1.8.0_201.jdk/Contents/Home/jre/lib/jfr.jar:/Library/Java/JavaVirtualMachines/jdk1.8.0_201.jdk/Contents/Home/jre/classes"/>
    <property name="sun.management.compiler" value="HotSpot 64-Bit Tiered Compilers"/>
    <property name="java.runtime.version" value="1.8.0_201-b09"/>
    <property name="user.name" value="wangshaodi"/>
    <property name="path.separator" value=":"/>
    <property name="os.version" value="10.13.6"/>
    <property name="java.endorsed.dirs" value="/Library/Java/JavaVirtualMachines/jdk1.8.0_201.jdk/Contents/Home/jre/lib/endorsed"/>
    <property name="java.runtime.name" value="Java(TM) SE Runtime Environment"/>
    <property name="file.encoding" value="US-ASCII"/>
    <property name="java.vm.name" value="Java HotSpot(TM) 64-Bit Server VM"/>
    <property name="localRepository" value="/Users/wangshaodi/javaLib/maven/repository"/>
    <property name="java.vendor.url.bug" value="http://bugreport.sun.com/bugreport/"/>
    <property name="java.io.tmpdir" value="/var/folders/jh/2wbvkz0150b5r8vy34rm9jq80000gn/T/"/>
    <property name="idea.version" value="2018.3.5"/>
    <property name="java.version" value="1.8.0_201"/>
    <property name="user.dir" value="/Users/wangshaodi/IdeaProjects/health_parent/health_parent/health_service"/>
    <property name="os.arch" value="x86_64"/>
    <property name="java.vm.specification.name" value="Java Virtual Machine Specification"/>
    <property name="java.awt.printerjob" value="sun.lwawt.macosx.CPrinterJob"/>
    <property name="sun.os.patch.level" value="unknown"/>
    <property name="java.library.path" value="/Users/wangshaodi/Library/Java/Extensions:/Library/Java/Extensions:/Network/Library/Java/Extensions:/System/Library/Java/Extensions:/usr/lib/java:."/>
    <property name="java.vm.info" value="mixed mode"/>
    <property name="java.vendor" value="Oracle Corporation"/>
    <property name="java.vm.version" value="25.201-b09"/>
    <property name="java.ext.dirs" value="/Users/wangshaodi/Library/Java/Extensions:/Library/Java/JavaVirtualMachines/jdk1.8.0_201.jdk/Contents/Home/jre/lib/ext:/Library/Java/Extensions:/Network/Library/Java/Extensions:/System/Library/Java/Extensions:/usr/lib/java"/>
    <property name="sun.io.unicode.encoding" value="UnicodeBig"/>
    <property name="java.class.version" value="52.0"/>
  </properties>
  <testcase name="delRedisKey1" classname="site.madai.redis.redisTest" time="0.027"/>
  <testcase name="test01" classname="site.madai.redis.redisTest" time="0.007"/>
  <testcase name="delReidsKey" classname="site.madai.redis.redisTest" time="0.002"/>
</testsuite>